<?xml version="1.0" encoding="UTF-8"?>
<!-- Generated by org.testng.reporters.JUnitReportReporter -->
<testsuite hostname="DESKTOP-8HSVKAU" failures="0" tests="1" name="artcourse.Courses" time="٠.٠٤٤" errors="0" timestamp="٢٠٢١-١١-٠٩T١٥:٢٢:٢٦ EET" skipped="0">
  <testcase classname="artcourse.Courses" name="getCourse" time="٠.٠٤٤"/>
  <system-out/>
</testsuite> <!-- artcourse.Courses -->
