<?xml version="1.0" encoding="UTF-8"?>
<!-- Generated by org.testng.reporters.JUnitReportReporter -->
<testsuite hostname="DESKTOP-8HSVKAU" failures="0" tests="1" name="artcourse.Courses" time="٠.٠٥٤" errors="0" timestamp="٢٠٢١-١١-٠٩T١٥:٣٠:٥٧ EET" skipped="0">
  <testcase classname="artcourse.Courses" name="postCource" time="٠.٠٥٤"/>
  <system-out/>
</testsuite> <!-- artcourse.Courses -->
