<?xml version="1.0" encoding="UTF-8"?>
<!-- Generated by org.testng.reporters.JUnitReportReporter -->
<testsuite hostname="DESKTOP-8HSVKAU" failures="0" tests="1" name="artcourse.Courses" time="٠.٠٥٩" errors="0" timestamp="٢٠٢١-١١-٠٩T١٥:٣٤:١٨ EET" skipped="0">
  <testcase classname="artcourse.Courses" name="editCource" time="٠.٠٥٩"/>
  <system-out/>
</testsuite> <!-- artcourse.Courses -->
