<?xml version="1.0" encoding="UTF-8"?>
<!-- Generated by org.testng.reporters.JUnitReportReporter -->
<testsuite hostname="DESKTOP-8HSVKAU" failures="0" tests="1" name="artcourse.Courses" time="٠.٠٥١" errors="0" timestamp="٢٠٢١-١١-٠٩T١٥:٣٧:٠٣ EET" skipped="0">
  <testcase classname="artcourse.Courses" name="deleteCource" time="٠.٠٥١"/>
  <system-out/>
</testsuite> <!-- artcourse.Courses -->
